- Nikto v2.1.6
---------------------------------------------------------------------------
+ Target IP:          10.10.240.11
+ Target Hostname:    10.10.240.11
+ Target Port:        80
+ Start Time:         2021-08-06 07:47:40 (GMT-5)
---------------------------------------------------------------------------
+ Server: Apache/2.4.18 (Ubuntu)
+ Cookie 8071dec2be26139e39a170762581c00f created without the httponly flag
+ The anti-clickjacking X-Frame-Options header is not present.
+ The X-XSS-Protection header is not defined. This header can hint to the user agent to protect against some forms of XSS
+ The X-Content-Type-Options header is not set. This could allow the user agent to render the content of the site in a different fashion to the MIME type
+ Root page / redirects to: /auth/login?to=/
+ No CGI Directories found (use '-C all' to force check all possible dirs)
+ Apache/2.4.18 appears to be outdated (current is at least Apache/2.4.37). Apache 2.2.34 is the EOL for the 2.x branch.
+ OSVDB-3233: /icons/README: Apache default file found.
+ Retrieved access-control-allow-origin header: *
+ /server-status: Apache server-status interface found (protected/forbidden)
+ /composer.json: PHP Composer configuration file reveals configuration information - https://getcomposer.org/
+ /package.json: Node.js package file found. It may contain sensitive information.
+ 7889 requests: 0 error(s) and 10 item(s) reported on remote host
+ End Time:           2021-08-06 08:04:05 (GMT-5) (985 seconds)
---------------------------------------------------------------------------
+ 1 host(s) tested
